


 记录时间：2017-12-07 16:52:59,135 
日志级别：  ERROR 
出错类：Himall.Web.Framework.BaseController.OnException  
错误描述：页面未捕获的异常：Area:Mobile,Controller:topic,Action:detail,id:Get:post: 

Microsoft.CSharp.RuntimeBinder.RuntimeBinderException: 无法将 null 转换为“long”，因为后者是不可以为 null 的值类型
   在 CallSite.Target(Closure , CallSite , Object )
   在 System.Dynamic.UpdateDelegates.UpdateAndExecute1[T0,TRet](CallSite site, T0 arg0)
   在 ASP._Page_Special_54_Skin_HomePage_cshtml.Execute() 位置 e:\大型系统源码\HIimall系列\Himall2.8\Himall2.8SRC\Himall.Web\Special\54\Skin-HomePage.cshtml:行号 3
   在 System.Web.WebPages.WebPageBase.ExecutePageHierarchy()
   在 System.Web.Mvc.WebViewPage.ExecutePageHierarchy()
   在 System.Web.WebPages.WebPageBase.ExecutePageHierarchy(WebPageContext pageContext, TextWriter writer, WebPageRenderingBase startPage)
   在 System.Web.Mvc.RazorView.RenderView(ViewContext viewContext, TextWriter writer, Object instance)
   在 System.Web.Mvc.BuildManagerCompiledView.Render(ViewContext viewContext, TextWriter writer)
   在 System.Web.Mvc.ViewResultBase.ExecuteResult(ControllerContext context)
   在 System.Web.Mvc.ControllerActionInvoker.InvokeActionResult(ControllerContext controllerContext, ActionResult actionResult)
   在 System.Web.Mvc.ControllerActionInvoker.InvokeActionResultFilterRecursive(IList`1 filters, Int32 filterIndex, ResultExecutingContext preContext, ControllerContext controllerContext, ActionResult actionResult)
   在 System.Web.Mvc.ControllerActionInvoker.InvokeActionResultFilterRecursive(IList`1 filters, Int32 filterIndex, ResultExecutingContext preContext, ControllerContext controllerContext, ActionResult actionResult)
   在 System.Web.Mvc.ControllerActionInvoker.InvokeActionResultFilterRecursive(IList`1 filters, Int32 filterIndex, ResultExecutingContext preContext, ControllerContext controllerContext, ActionResult actionResult)
   在 System.Web.Mvc.ControllerActionInvoker.InvokeActionResultWithFilters(ControllerContext controllerContext, IList`1 filters, ActionResult actionResult)
   在 System.Web.Mvc.Async.AsyncControllerActionInvoker.<>c__DisplayClass21.<>c__DisplayClass2b.<BeginInvokeAction>b__1c()
   在 System.Web.Mvc.Async.AsyncControllerActionInvoker.<>c__DisplayClass21.<BeginInvokeAction>b__1e(IAsyncResult asyncResult)



 记录时间：2017-12-07 17:04:36,919 
日志级别：  ERROR 
出错类：Himall.Service.Weixin.WXHelper.GetAccessToken  
错误描述：[WXACT]appId=dsfsd;appSecret=k;微信请求发生错误！错误代码：40013，说明：invalid appid hint: [rT7IrA0476e606] 




 记录时间：2017-12-07 17:04:36,922 
日志级别：  ERROR 
出错类：Himall.Web.Framework.BaseController.OnException  
错误描述：页面未捕获的异常：Area:Admin,Controller:Weixin,Action:GetWXMaterialList,id:Get:post:pageIdx=1&pageSize=8 

Senparc.Weixin.Exceptions.WeixinException: 此appId尚未注册，请先使用AccessTokenContainer.Register完成注册（全局执行一次即可）！
   在 Senparc.Weixin.MP.ApiHandlerWapper.TryCommonApi[T](Func`2 fun, String accessTokenOrAppId, Boolean retryIfFaild)
   在 Senparc.Weixin.MP.AdvancedAPIs.Media.MediaApi.GetNewsMediaList(String accessTokenOrAppId, Int32 offset, Int32 count, Int32 timeOut)
   在 Himall.Service.WXMsgTemplateService.GetMediaMsgTemplateList(String appid, String appsecret, Int32 offset, Int32 count) 位置 e:\大型系统源码\HIimall系列\Himall2.8\Himall2.8SRC\Himall.Service\Weixin\WXMsgTemplateService.cs:行号 118
   在 Himall.Web.Areas.Admin.Controllers.WeiXinController.GetWXMaterialList(Int32 pageIdx, Int32 pageSize) 位置 e:\大型系统源码\HIimall系列\Himall2.8\Himall2.8SRC\Himall.Web\Areas\Admin\Controllers\WeiXinController.cs:行号 641
   在 lambda_method(Closure , ControllerBase , Object[] )
   在 System.Web.Mvc.ActionMethodDispatcher.Execute(ControllerBase controller, Object[] parameters)
   在 System.Web.Mvc.ReflectedActionDescriptor.Execute(ControllerContext controllerContext, IDictionary`2 parameters)
   在 System.Web.Mvc.ControllerActionInvoker.InvokeActionMethod(ControllerContext controllerContext, ActionDescriptor actionDescriptor, IDictionary`2 parameters)
   在 System.Web.Mvc.Async.AsyncControllerActionInvoker.<BeginInvokeSynchronousActionMethod>b__39(IAsyncResult asyncResult, ActionInvocation innerInvokeState)
   在 System.Web.Mvc.Async.AsyncResultWrapper.WrappedAsyncResult`2.CallEndDelegate(IAsyncResult asyncResult)
   在 System.Web.Mvc.Async.AsyncResultWrapper.WrappedAsyncResultBase`1.End()
   在 System.Web.Mvc.Async.AsyncControllerActionInvoker.EndInvokeActionMethod(IAsyncResult asyncResult)
   在 System.Web.Mvc.Async.AsyncControllerActionInvoker.AsyncInvocationWithFilters.<InvokeActionMethodFilterAsynchronouslyRecursive>b__3d()
   在 System.Web.Mvc.Async.AsyncControllerActionInvoker.AsyncInvocationWithFilters.<>c__DisplayClass46.<InvokeActionMethodFilterAsynchronouslyRecursive>b__3f()
   在 System.Web.Mvc.Async.AsyncControllerActionInvoker.AsyncInvocationWithFilters.<>c__DisplayClass46.<InvokeActionMethodFilterAsynchronouslyRecursive>b__3f()
   在 System.Web.Mvc.Async.AsyncControllerActionInvoker.<>c__DisplayClass33.<BeginInvokeActionMethodWithFilters>b__32(IAsyncResult asyncResult)
   在 System.Web.Mvc.Async.AsyncResultWrapper.WrappedAsyncResult`1.CallEndDelegate(IAsyncResult asyncResult)
   在 System.Web.Mvc.Async.AsyncResultWrapper.WrappedAsyncResultBase`1.End()
   在 System.Web.Mvc.Async.AsyncControllerActionInvoker.EndInvokeActionMethodWithFilters(IAsyncResult asyncResult)
   在 System.Web.Mvc.Async.AsyncControllerActionInvoker.<>c__DisplayClass21.<>c__DisplayClass2b.<BeginInvokeAction>b__1c()
   在 System.Web.Mvc.Async.AsyncControllerActionInvoker.<>c__DisplayClass21.<BeginInvokeAction>b__1e(IAsyncResult asyncResult)



 记录时间：2017-12-07 17:04:39,747 
日志级别：  ERROR 
出错类：Himall.Service.Weixin.WXHelper.GetAccessToken  
错误描述：[WXACT]appId=dsfsd;appSecret=k;微信请求发生错误！错误代码：40013，说明：invalid appid hint: [aLm33a0479e578] 




 记录时间：2017-12-07 17:04:39,748 
日志级别：  ERROR 
出错类：Himall.Web.Framework.BaseController.OnException  
错误描述：页面未捕获的异常：Area:Admin,Controller:Weixin,Action:GetWXMaterialList,id:Get:post:pageIdx=1&pageSize=8 

Senparc.Weixin.Exceptions.WeixinException: 此appId尚未注册，请先使用AccessTokenContainer.Register完成注册（全局执行一次即可）！
   在 Senparc.Weixin.MP.ApiHandlerWapper.TryCommonApi[T](Func`2 fun, String accessTokenOrAppId, Boolean retryIfFaild)
   在 Senparc.Weixin.MP.AdvancedAPIs.Media.MediaApi.GetNewsMediaList(String accessTokenOrAppId, Int32 offset, Int32 count, Int32 timeOut)
   在 Himall.Service.WXMsgTemplateService.GetMediaMsgTemplateList(String appid, String appsecret, Int32 offset, Int32 count) 位置 e:\大型系统源码\HIimall系列\Himall2.8\Himall2.8SRC\Himall.Service\Weixin\WXMsgTemplateService.cs:行号 118
   在 Himall.Web.Areas.Admin.Controllers.WeiXinController.GetWXMaterialList(Int32 pageIdx, Int32 pageSize) 位置 e:\大型系统源码\HIimall系列\Himall2.8\Himall2.8SRC\Himall.Web\Areas\Admin\Controllers\WeiXinController.cs:行号 641
   在 lambda_method(Closure , ControllerBase , Object[] )
   在 System.Web.Mvc.ActionMethodDispatcher.Execute(ControllerBase controller, Object[] parameters)
   在 System.Web.Mvc.ReflectedActionDescriptor.Execute(ControllerContext controllerContext, IDictionary`2 parameters)
   在 System.Web.Mvc.ControllerActionInvoker.InvokeActionMethod(ControllerContext controllerContext, ActionDescriptor actionDescriptor, IDictionary`2 parameters)
   在 System.Web.Mvc.Async.AsyncControllerActionInvoker.<BeginInvokeSynchronousActionMethod>b__39(IAsyncResult asyncResult, ActionInvocation innerInvokeState)
   在 System.Web.Mvc.Async.AsyncResultWrapper.WrappedAsyncResult`2.CallEndDelegate(IAsyncResult asyncResult)
   在 System.Web.Mvc.Async.AsyncResultWrapper.WrappedAsyncResultBase`1.End()
   在 System.Web.Mvc.Async.AsyncControllerActionInvoker.EndInvokeActionMethod(IAsyncResult asyncResult)
   在 System.Web.Mvc.Async.AsyncControllerActionInvoker.AsyncInvocationWithFilters.<InvokeActionMethodFilterAsynchronouslyRecursive>b__3d()
   在 System.Web.Mvc.Async.AsyncControllerActionInvoker.AsyncInvocationWithFilters.<>c__DisplayClass46.<InvokeActionMethodFilterAsynchronouslyRecursive>b__3f()
   在 System.Web.Mvc.Async.AsyncControllerActionInvoker.AsyncInvocationWithFilters.<>c__DisplayClass46.<InvokeActionMethodFilterAsynchronouslyRecursive>b__3f()
   在 System.Web.Mvc.Async.AsyncControllerActionInvoker.<>c__DisplayClass33.<BeginInvokeActionMethodWithFilters>b__32(IAsyncResult asyncResult)
   在 System.Web.Mvc.Async.AsyncResultWrapper.WrappedAsyncResult`1.CallEndDelegate(IAsyncResult asyncResult)
   在 System.Web.Mvc.Async.AsyncResultWrapper.WrappedAsyncResultBase`1.End()
   在 System.Web.Mvc.Async.AsyncControllerActionInvoker.EndInvokeActionMethodWithFilters(IAsyncResult asyncResult)
   在 System.Web.Mvc.Async.AsyncControllerActionInvoker.<>c__DisplayClass21.<>c__DisplayClass2b.<BeginInvokeAction>b__1c()
   在 System.Web.Mvc.Async.AsyncControllerActionInvoker.<>c__DisplayClass21.<BeginInvokeAction>b__1e(IAsyncResult asyncResult)



 记录时间：2017-12-07 17:04:42,838 
日志级别：  ERROR 
出错类：Himall.Service.Weixin.WXHelper.GetAccessToken  
错误描述：[WXACT]appId=dsfsd;appSecret=k;微信请求发生错误！错误代码：40013，说明：invalid appid hint: [5iRUtA0482e514] 




 记录时间：2017-12-07 17:04:42,838 
日志级别：  ERROR 
出错类：Himall.Web.Framework.BaseController.OnException  
错误描述：页面未捕获的异常：Area:Admin,Controller:Weixin,Action:GetWXMaterialList,id:Get:post:pageIdx=1&pageSize=8 

Senparc.Weixin.Exceptions.WeixinException: 此appId尚未注册，请先使用AccessTokenContainer.Register完成注册（全局执行一次即可）！
   在 Senparc.Weixin.MP.ApiHandlerWapper.TryCommonApi[T](Func`2 fun, String accessTokenOrAppId, Boolean retryIfFaild)
   在 Senparc.Weixin.MP.AdvancedAPIs.Media.MediaApi.GetNewsMediaList(String accessTokenOrAppId, Int32 offset, Int32 count, Int32 timeOut)
   在 Himall.Service.WXMsgTemplateService.GetMediaMsgTemplateList(String appid, String appsecret, Int32 offset, Int32 count) 位置 e:\大型系统源码\HIimall系列\Himall2.8\Himall2.8SRC\Himall.Service\Weixin\WXMsgTemplateService.cs:行号 118
   在 Himall.Web.Areas.Admin.Controllers.WeiXinController.GetWXMaterialList(Int32 pageIdx, Int32 pageSize) 位置 e:\大型系统源码\HIimall系列\Himall2.8\Himall2.8SRC\Himall.Web\Areas\Admin\Controllers\WeiXinController.cs:行号 641
   在 lambda_method(Closure , ControllerBase , Object[] )
   在 System.Web.Mvc.ActionMethodDispatcher.Execute(ControllerBase controller, Object[] parameters)
   在 System.Web.Mvc.ReflectedActionDescriptor.Execute(ControllerContext controllerContext, IDictionary`2 parameters)
   在 System.Web.Mvc.ControllerActionInvoker.InvokeActionMethod(ControllerContext controllerContext, ActionDescriptor actionDescriptor, IDictionary`2 parameters)
   在 System.Web.Mvc.Async.AsyncControllerActionInvoker.<BeginInvokeSynchronousActionMethod>b__39(IAsyncResult asyncResult, ActionInvocation innerInvokeState)
   在 System.Web.Mvc.Async.AsyncResultWrapper.WrappedAsyncResult`2.CallEndDelegate(IAsyncResult asyncResult)
   在 System.Web.Mvc.Async.AsyncResultWrapper.WrappedAsyncResultBase`1.End()
   在 System.Web.Mvc.Async.AsyncControllerActionInvoker.EndInvokeActionMethod(IAsyncResult asyncResult)
   在 System.Web.Mvc.Async.AsyncControllerActionInvoker.AsyncInvocationWithFilters.<InvokeActionMethodFilterAsynchronouslyRecursive>b__3d()
   在 System.Web.Mvc.Async.AsyncControllerActionInvoker.AsyncInvocationWithFilters.<>c__DisplayClass46.<InvokeActionMethodFilterAsynchronouslyRecursive>b__3f()
   在 System.Web.Mvc.Async.AsyncControllerActionInvoker.AsyncInvocationWithFilters.<>c__DisplayClass46.<InvokeActionMethodFilterAsynchronouslyRecursive>b__3f()
   在 System.Web.Mvc.Async.AsyncControllerActionInvoker.<>c__DisplayClass33.<BeginInvokeActionMethodWithFilters>b__32(IAsyncResult asyncResult)
   在 System.Web.Mvc.Async.AsyncResultWrapper.WrappedAsyncResult`1.CallEndDelegate(IAsyncResult asyncResult)
   在 System.Web.Mvc.Async.AsyncResultWrapper.WrappedAsyncResultBase`1.End()
   在 System.Web.Mvc.Async.AsyncControllerActionInvoker.EndInvokeActionMethodWithFilters(IAsyncResult asyncResult)
   在 System.Web.Mvc.Async.AsyncControllerActionInvoker.<>c__DisplayClass21.<>c__DisplayClass2b.<BeginInvokeAction>b__1c()
   在 System.Web.Mvc.Async.AsyncControllerActionInvoker.<>c__DisplayClass21.<BeginInvokeAction>b__1e(IAsyncResult asyncResult)



 记录时间：2017-12-07 17:12:28,922 
日志级别：  ERROR 
出错类：Himall.Core.PluginsManagement.InstallDll  
错误描述：插件复制失败(E:\大型系统源码\HIimall系列\Himall2.8\Himall2.8SRC\Himall.Web\plugins\Payment\Himall.Plugin.Payment.Alipay.Base.dll)！ 

System.IO.FileNotFoundException: 未找到插件Himall.Plugin.Payment.Alipay.Base的配置文件
   在 Himall.Core.PluginsManagement.AddPluginInfo(FileInfo dllFile) 位置 e:\大型系统源码\HIimall系列\Himall2.8\Himall2.8SRC\Himall.Core\plugins\PluginsManagement.cs:行号 443
   在 Himall.Core.PluginsManagement.InstallDll(String dllFileName) 位置 e:\大型系统源码\HIimall系列\Himall2.8\Himall2.8SRC\Himall.Core\plugins\PluginsManagement.cs:行号 386
