


 记录时间：2017-12-15 15:28:06,863 
日志级别：  DEBUG 
出错类：Himall.Web.WebApiConfig.Register  
错误描述：[OpenApi]RegRoute-DefaultOpenApi 




 记录时间：2017-12-15 15:32:00,808 
日志级别：  DEBUG 
出错类：Himall.Web.WebApiConfig.Register  
错误描述：[OpenApi]RegRoute-DefaultOpenApi 




 记录时间：2017-12-15 15:32:02,813 
日志级别：  DEBUG 
出错类：Himall.Web.WebApiConfig.Register  
错误描述：[OpenApi]RegRoute-DefaultOpenApi 




 记录时间：2017-12-15 15:32:04,123 
日志级别：  DEBUG 
出错类：Himall.Web.WebApiConfig.Register  
错误描述：[OpenApi]RegRoute-DefaultOpenApi 




 记录时间：2017-12-15 15:33:14,651 
日志级别：  DEBUG 
出错类：Himall.Web.MvcApplication.Application_EndRequest  
错误描述：2017-12-15 03:33:14 650:[当前请求URL：http://localhost:60362/Installer/SaveConfiguration；请求的参数为：；页面加载的时间：5841.3445 毫秒] 




 记录时间：2017-12-15 15:33:16,003 
日志级别：  DEBUG 
出错类：Himall.Web.WebApiConfig.Register  
错误描述：[OpenApi]RegRoute-DefaultOpenApi 




 记录时间：2017-12-15 15:33:24,658 
日志级别：  DEBUG 
出错类：Himall.Web.MvcApplication.Application_EndRequest  
错误描述：2017-12-15 03:33:24 657:[当前请求URL：http://localhost:60362/；请求的参数为：；页面加载的时间：7903.514 毫秒] 




 记录时间：2017-12-15 17:14:08,303 
日志级别：  DEBUG 
出错类：Himall.Web.WebApiConfig.Register  
错误描述：[OpenApi]RegRoute-DefaultOpenApi 




 记录时间：2017-12-15 17:14:25,711 
日志级别：  DEBUG 
出错类：Himall.Web.MvcApplication.Application_EndRequest  
错误描述：2017-12-15 05:14:25 711:[当前请求URL：http://localhost:60362/；请求的参数为：；页面加载的时间：14176.8902 毫秒] 




 记录时间：2017-12-15 17:16:55,288 
日志级别：  DEBUG 
出错类：Himall.Web.MvcApplication.Application_EndRequest  
错误描述：2017-12-15 05:16:55 287:[当前请求URL：http://localhost:60362/SellerAdmin/home/Console；请求的参数为：；页面加载的时间：5947.1498 毫秒] 

